
> yt-genai@1.0.0 dev
> npx nodemon server.js

[33m[nodemon] 3.1.14[39m
[33m[nodemon] to restart at any time, enter `rs`[39m
[33m[nodemon] watching path(s): *.*[39m
[33m[nodemon] watching extensions: js,mjs,cjs,json[39m
[32m[nodemon] starting `node server.js`[39m
[dotenv@17.3.1] injecting env (5) from .env -- tip: ⚙️  override existing env vars with { override: true }
Server is running on port 3000
Connected to Database
[32m[nodemon] restarting due to changes...[39m
[32m[nodemon] starting `node server.js`[39m
[dotenv@17.3.1] injecting env (5) from .env -- tip: ⚙️  override existing env vars with { override: true }
Server is running on port 3000
Connected to Database
[32m[nodemon] restarting due to changes...[39m
[32m[nodemon] starting `node server.js`[39m
[dotenv@17.3.1] injecting env (5) from .env -- tip: ⚡️ secrets for agents: https://dotenvx.com/as2
Server is running on port 3000
Connected to Database
[32m[nodemon] restarting due to changes...[39m
[32m[nodemon] starting `node server.js`[39m
[dotenv@17.3.1] injecting env (5) from .env -- tip: 🛠️  run anywhere with `dotenvx run -- yourcommand`
Server is running on port 3000
Connected to Database
[32m[nodemon] restarting due to changes...[39m
[32m[nodemon] starting `node server.js`[39m
[dotenv@17.3.1] injecting env (5) from .env -- tip: ⚙️  suppress all logs with { quiet: true }
Server is running on port 3000
Connected to Database
[32m[nodemon] restarting due to changes...[39m
[32m[nodemon] starting `node server.js`[39m
[dotenv@17.3.1] injecting env (5) from .env -- tip: 🛠️  run anywhere with `dotenvx run -- yourcommand`
[32m[nodemon] restarting due to changes...[39m
[32m[nodemon] starting `node server.js`[39m
[dotenv@17.3.1] injecting env (5) from .env -- tip: ⚙️  suppress all logs with { quiet: true }
Server is running on port 3000
[32m[nodemon] restarting due to changes...[39m
[32m[nodemon] starting `node server.js`[39m
[dotenv@17.3.1] injecting env (5) from .env -- tip: ⚙️  suppress all logs with { quiet: true }
Server is running on port 3000
[32m[nodemon] restarting due to changes...[39m
Connected to Database
[32m[nodemon] starting `node server.js`[39m
[dotenv@17.3.1] injecting env (5) from .env -- tip: 🔐 encrypt with Dotenvx: https://dotenvx.com
Server is running on port 3000
Connected to Database
[32m[nodemon] restarting due to changes...[39m
[32m[nodemon] starting `node server.js`[39m
[dotenv@17.3.1] injecting env (5) from .env -- tip: 🔐 prevent building .env in docker: https://dotenvx.com/prebuild
Server is running on port 3000
Connected to Database
[32m[nodemon] restarting due to changes...[39m
[32m[nodemon] starting `node server.js`[39m
[dotenv@17.3.1] injecting env (5) from .env -- tip: 🔐 prevent building .env in docker: https://dotenvx.com/prebuild
[32m[nodemon] restarting due to changes...[39m
[32m[nodemon] starting `node server.js`[39m
[dotenv@17.3.1] injecting env (5) from .env -- tip: ⚙️  load multiple .env files with { path: ['.env.local', '.env'] }
Server is running on port 3000
Connected to Database
[31m[nodemon] app crashed - waiting for file changes before starting...[39m
[32m[nodemon] restarting child process[39m
[32m[nodemon] starting `node server.js`[39m
[dotenv@17.3.1] injecting env (5) from .env -- tip: 🔐 encrypt with Dotenvx: https://dotenvx.com
Server is running on port 3000
Connected to Database
